<?xml version="1.0" encoding="UTF-8"?>
<!-- Generated by org.testng.reporters.JUnitReportReporter -->
<testsuite hostname="DESKTOP-HFLOAGK" failures="0" tests="1" name="com.demoqa.tests.PracticeFormTest" time="11.000" errors="0" timestamp="2024-04-18T12:21:47 CEST" skipped="0">
  <testcase classname="com.demoqa.tests.PracticeFormTest" name="createStudentAccount" time="11.000"/>
</testsuite> <!-- com.demoqa.tests.PracticeFormTest -->
